<?xml version="1.0" encoding="UTF-8"?>
<testng-results skipped="0" failed="1" ignored="0" total="2" passed="1">
  <reporter-output>
  </reporter-output>
  <suite name="Amazon Application Test Suite" duration-ms="40582" started-at="2021-03-10T15:11:37 IST" finished-at="2021-03-10T15:12:17 IST">
    <groups>
    </groups>
    <test name="Amazon Test" duration-ms="40582" started-at="2021-03-10T15:11:37 IST" finished-at="2021-03-10T15:12:17 IST">
      <class name="com.qa.TestCases.SearchResultsPageTest">
        <test-method status="PASS" signature="setUp()[pri:0, instance:com.qa.TestCases.SearchResultsPageTest@a068d1]" name="setUp" is-config="true" duration-ms="11872" started-at="2021-03-10T15:11:37 IST" finished-at="2021-03-10T15:11:49 IST">
          <reporter-output>
          </reporter-output>
        </test-method> <!-- setUp -->
        <test-method status="FAIL" signature="verifyTitleOfSearchedProductTest()[pri:0, instance:com.qa.TestCases.SearchResultsPageTest@a068d1]" name="verifyTitleOfSearchedProductTest" duration-ms="13440" started-at="2021-03-10T15:11:49 IST" finished-at="2021-03-10T15:12:02 IST">
          <exception class="java.lang.AssertionError">
            <message>
              <![CDATA[Title is not matching means product selected is wrong expected [New Apple iPhone 12 (64GB) - Green: Amazon.in1234] but found [New Apple iPhone 12 (64GB) - Green: Amazon.in]]]>
            </message>
            <full-stacktrace>
              <![CDATA[java.lang.AssertionError: Title is not matching means product selected is wrong expected [New Apple iPhone 12 (64GB) - Green: Amazon.in1234] but found [New Apple iPhone 12 (64GB) - Green: Amazon.in]
at org.testng.Assert.fail(Assert.java:97)
at org.testng.Assert.assertEqualsImpl(Assert.java:136)
at org.testng.Assert.assertEquals(Assert.java:118)
at org.testng.Assert.assertEquals(Assert.java:575)
at com.qa.TestCases.SearchResultsPageTest.verifyTitleOfSearchedProductTest(SearchResultsPageTest.java:37)
at sun.reflect.NativeMethodAccessorImpl.invoke0(Native Method)
at sun.reflect.NativeMethodAccessorImpl.invoke(Unknown Source)
at sun.reflect.DelegatingMethodAccessorImpl.invoke(Unknown Source)
at java.lang.reflect.Method.invoke(Unknown Source)
at org.testng.internal.MethodInvocationHelper.invokeMethod(MethodInvocationHelper.java:134)
at org.testng.internal.TestInvoker.invokeMethod(TestInvoker.java:597)
at org.testng.internal.TestInvoker.invokeTestMethod(TestInvoker.java:173)
at org.testng.internal.MethodRunner.runInSequence(MethodRunner.java:46)
at org.testng.internal.TestInvoker$MethodInvocationAgent.invoke(TestInvoker.java:816)
at org.testng.internal.TestInvoker.invokeTestMethods(TestInvoker.java:146)
at org.testng.internal.TestMethodWorker.invokeTestMethods(TestMethodWorker.java:146)
at org.testng.internal.TestMethodWorker.run(TestMethodWorker.java:128)
at java.util.ArrayList.forEach(Unknown Source)
at org.testng.TestRunner.privateRun(TestRunner.java:766)
at org.testng.TestRunner.run(TestRunner.java:587)
at org.testng.SuiteRunner.runTest(SuiteRunner.java:384)
at org.testng.SuiteRunner.runSequentially(SuiteRunner.java:378)
at org.testng.SuiteRunner.privateRun(SuiteRunner.java:337)
at org.testng.SuiteRunner.run(SuiteRunner.java:286)
at org.testng.SuiteRunnerWorker.runSuite(SuiteRunnerWorker.java:53)
at org.testng.SuiteRunnerWorker.run(SuiteRunnerWorker.java:96)
at org.testng.TestNG.runSuitesSequentially(TestNG.java:1187)
at org.testng.TestNG.runSuitesLocally(TestNG.java:1109)
at org.testng.TestNG.runSuites(TestNG.java:1039)
at org.testng.TestNG.run(TestNG.java:1007)
at org.testng.remote.AbstractRemoteTestNG.run(AbstractRemoteTestNG.java:115)
at org.testng.remote.RemoteTestNG.initAndRun(RemoteTestNG.java:251)
at org.testng.remote.RemoteTestNG.main(RemoteTestNG.java:77)
]]>
            </full-stacktrace>
          </exception> <!-- java.lang.AssertionError -->
          <reporter-output>
          </reporter-output>
        </test-method> <!-- verifyTitleOfSearchedProductTest -->
        <test-method status="PASS" signature="tearDown()[pri:0, instance:com.qa.TestCases.SearchResultsPageTest@a068d1]" name="tearDown" is-config="true" duration-ms="1198" started-at="2021-03-10T15:12:02 IST" finished-at="2021-03-10T15:12:03 IST">
          <reporter-output>
          </reporter-output>
        </test-method> <!-- tearDown -->
      </class> <!-- com.qa.TestCases.SearchResultsPageTest -->
      <class name="com.qa.TestCases.HomeSearchPageTest">
        <test-method status="PASS" signature="setUp()[pri:0, instance:com.qa.TestCases.HomeSearchPageTest@1cb5951]" name="setUp" is-config="true" duration-ms="11410" started-at="2021-03-10T15:12:03 IST" finished-at="2021-03-10T15:12:15 IST">
          <reporter-output>
          </reporter-output>
        </test-method> <!-- setUp -->
        <test-method status="PASS" signature="verifyTitleOfHomeSearchPage()[pri:0, instance:com.qa.TestCases.HomeSearchPageTest@1cb5951]" name="verifyTitleOfHomeSearchPage" duration-ms="1377" started-at="2021-03-10T15:12:15 IST" finished-at="2021-03-10T15:12:16 IST">
          <reporter-output>
          </reporter-output>
        </test-method> <!-- verifyTitleOfHomeSearchPage -->
        <test-method status="PASS" signature="tearDown()[pri:0, instance:com.qa.TestCases.HomeSearchPageTest@1cb5951]" name="tearDown" is-config="true" duration-ms="1185" started-at="2021-03-10T15:12:16 IST" finished-at="2021-03-10T15:12:17 IST">
          <reporter-output>
          </reporter-output>
        </test-method> <!-- tearDown -->
      </class> <!-- com.qa.TestCases.HomeSearchPageTest -->
    </test> <!-- Amazon Test -->
  </suite> <!-- Amazon Application Test Suite -->
</testng-results>
